Determining if the pthread_create exist failed with the following output:
Change Dir: /home/james/multi-robot-rl/build/CMakeFiles/CMakeTmp

Run Build Command:"/usr/bin/make" "cmTC_1e929/fast"
/usr/bin/make -f CMakeFiles/cmTC_1e929.dir/build.make CMakeFiles/cmTC_1e929.dir/build
make[1]: Entering directory '/home/james/multi-robot-rl/build/CMakeFiles/CMakeTmp'
Building C object CMakeFiles/cmTC_1e929.dir/CheckSymbolExists.c.o
/usr/bin/cc    -o CMakeFiles/cmTC_1e929.dir/CheckSymbolExists.c.o   -c /home/james/multi-robot-rl/build/CMakeFiles/CMakeTmp/CheckSymbolExists.c
Linking C executable cmTC_1e929
/usr/bin/cmake -E cmake_link_script CMakeFiles/cmTC_1e929.dir/link.txt --verbose=1
/usr/bin/cc      -rdynamic CMakeFiles/cmTC_1e929.dir/CheckSymbolExists.c.o  -o cmTC_1e929 
CMakeFiles/cmTC_1e929.dir/CheckSymbolExists.c.o: In function `main':
CheckSymbolExists.c:(.text+0x1b): undefined reference to `pthread_create'
collect2: error: ld returned 1 exit status
CMakeFiles/cmTC_1e929.dir/build.make:97: recipe for target 'cmTC_1e929' failed
make[1]: *** [cmTC_1e929] Error 1
make[1]: Leaving directory '/home/james/multi-robot-rl/build/CMakeFiles/CMakeTmp'
Makefile:126: recipe for target 'cmTC_1e929/fast' failed
make: *** [cmTC_1e929/fast] Error 2

File /home/james/multi-robot-rl/build/CMakeFiles/CMakeTmp/CheckSymbolExists.c:
/* */
#include <pthread.h>

int main(int argc, char** argv)
{
  (void)argv;
#ifndef pthread_create
  return ((int*)(&pthread_create))[argc];
#else
  (void)argc;
  return 0;
#endif
}

Determining if the function pthread_create exists in the pthreads failed with the following output:
Change Dir: /home/james/multi-robot-rl/build/CMakeFiles/CMakeTmp

Run Build Command:"/usr/bin/make" "cmTC_1ba35/fast"
/usr/bin/make -f CMakeFiles/cmTC_1ba35.dir/build.make CMakeFiles/cmTC_1ba35.dir/build
make[1]: Entering directory '/home/james/multi-robot-rl/build/CMakeFiles/CMakeTmp'
Building C object CMakeFiles/cmTC_1ba35.dir/CheckFunctionExists.c.o
/usr/bin/cc   -DCHECK_FUNCTION_EXISTS=pthread_create   -o CMakeFiles/cmTC_1ba35.dir/CheckFunctionExists.c.o   -c /usr/share/cmake-3.10/Modules/CheckFunctionExists.c
Linking C executable cmTC_1ba35
/usr/bin/cmake -E cmake_link_script CMakeFiles/cmTC_1ba35.dir/link.txt --verbose=1
/usr/bin/cc  -DCHECK_FUNCTION_EXISTS=pthread_create    -rdynamic CMakeFiles/cmTC_1ba35.dir/CheckFunctionExists.c.o  -o cmTC_1ba35 -lpthreads 
/usr/bin/ld: cannot find -lpthreads
collect2: error: ld returned 1 exit status
CMakeFiles/cmTC_1ba35.dir/build.make:97: recipe for target 'cmTC_1ba35' failed
make[1]: *** [cmTC_1ba35] Error 1
make[1]: Leaving directory '/home/james/multi-robot-rl/build/CMakeFiles/CMakeTmp'
Makefile:126: recipe for target 'cmTC_1ba35/fast' failed
make: *** [cmTC_1ba35/fast] Error 2


